<?xml version="1.0" encoding="UTF-8"?>
<!-- Generated by org.testng.reporters.JUnitReportReporter -->
<testsuite hostname="GGKU5DELL1216" failures="0" tests="1" name="testNg.TestNgTest" time="0.019" errors="0" timestamp="2019-11-01T14:33:43 IST" skipped="0">
  <testcase classname="testNg.TestNgTest" name="firstTest" time="0.019"/>
</testsuite> <!-- testNg.TestNgTest -->
